<?xml version="1.0" encoding="UTF-8"?>
<robot generator="Robot 3.2.2 (Python 3.10.0 on win32)" generated="20220328 18:40:12.568" rpa="false">
<suite id="s1" name="o CoverageTest" source="C:\Users\Medhana Harihar\PycharmProjects\Playwright_RobotFramework\Test\o_CoverageTest.robot">
<kw name="Launch Browser Engine" library="CommonHelper" type="setup">
<kw name="Launch Browser" library="PlaywrightCore">
<arguments>
<arg>browser_name=chromium</arg>
</arguments>
<msg timestamp="20220328 18:40:24.935" level="INFO">Opening Browser : chromium</msg>
<status status="PASS" starttime="20220328 18:40:13.509" endtime="20220328 18:40:24.935"></status>
</kw>
<status status="PASS" starttime="20220328 18:40:13.508" endtime="20220328 18:40:24.936"></status>
</kw>
<test id="s1-t1" name="Coverage File Test Case">
<kw name="Open Cloudwiz Application" library="CommonHelper" type="setup">
<kw name="Open Application" library="PlaywrightCore">
<status status="PASS" starttime="20220328 18:40:24.941" endtime="20220328 18:40:52.755"></status>
</kw>
<kw name="Login Application" library="PlaywrightCore">
<status status="PASS" starttime="20220328 18:40:52.755" endtime="20220328 18:41:14.494"></status>
</kw>
<kw name="Take Screenshot" library="PlaywrightCore">
<status status="PASS" starttime="20220328 18:41:14.494" endtime="20220328 18:41:15.304"></status>
</kw>
<status status="PASS" starttime="20220328 18:40:24.939" endtime="20220328 18:41:15.305"></status>
</kw>
<kw name="Log" library="BuiltIn">
<doc>Logs the given message with the given level.</doc>
<arguments>
<arg>"This is coverage test case"</arg>
</arguments>
<msg timestamp="20220328 18:41:15.307" level="INFO">"This is coverage test case"</msg>
<status status="PASS" starttime="20220328 18:41:15.306" endtime="20220328 18:41:15.307"></status>
</kw>
<kw name="Set Variable" library="BuiltIn">
<doc>Returns the given values which can then be assigned to a variables.</doc>
<arguments>
<arg>Linux</arg>
</arguments>
<assign>
<var>${platform}</var>
</assign>
<msg timestamp="20220328 18:41:15.308" level="INFO">${platform} = Linux</msg>
<status status="PASS" starttime="20220328 18:41:15.308" endtime="20220328 18:41:15.308"></status>
</kw>
<kw name="Coverage.Perform action on Coverage" library="PageHelper">
<arguments>
<arg>${platform}</arg>
</arguments>
<kw name="Get Page Handle" library="CommonHelper">
<assign>
<var>${page}</var>
</assign>
<kw name="Get Page Object" library="PlaywrightCore">
<assign>
<var>${page_handle}</var>
</assign>
<msg timestamp="20220328 18:41:15.312" level="INFO">${page_handle} = &lt;Page url='https://mindsnxt.cloudwiz.xyz/cost'&gt;</msg>
<status status="PASS" starttime="20220328 18:41:15.311" endtime="20220328 18:41:15.312"></status>
</kw>
<msg timestamp="20220328 18:41:15.313" level="INFO">${page} = &lt;Page url='https://mindsnxt.cloudwiz.xyz/cost'&gt;</msg>
<status status="PASS" starttime="20220328 18:41:15.310" endtime="20220328 18:41:15.313"></status>
</kw>
<kw name="Click Coverage Menu" library="Coverage">
<arguments>
<arg>${page}</arg>
</arguments>
<status status="PASS" starttime="20220328 18:41:15.313" endtime="20220328 18:41:16.727"></status>
</kw>
<kw name="Click Ri" library="Coverage">
<arguments>
<arg>${page}</arg>
</arguments>
<status status="PASS" starttime="20220328 18:41:16.728" endtime="20220328 18:41:18.009"></status>
</kw>
<kw name="Click On Coverage Button" library="Coverage">
<arguments>
<arg>${page}</arg>
</arguments>
<status status="PASS" starttime="20220328 18:41:18.009" endtime="20220328 18:41:19.682"></status>
</kw>
<kw name="Click Coverage Help" library="Coverage">
<arguments>
<arg>${page}</arg>
</arguments>
<status status="PASS" starttime="20220328 18:41:19.683" endtime="20220328 18:41:22.367"></status>
</kw>
<kw name="Click Coverage Search" library="Coverage">
<arguments>
<arg>${page}</arg>
</arguments>
<status status="PASS" starttime="20220328 18:41:22.368" endtime="20220328 18:41:25.757"></status>
</kw>
<kw name="Enter Coverage Search" library="Coverage">
<arguments>
<arg>${page}</arg>
<arg>${platform}</arg>
</arguments>
<status status="PASS" starttime="20220328 18:41:25.757" endtime="20220328 18:41:29.630"></status>
</kw>
<kw name="Click Coverage Download" library="Coverage">
<arguments>
<arg>${page}</arg>
</arguments>
<status status="PASS" starttime="20220328 18:41:29.631" endtime="20220328 18:41:35.949"></status>
</kw>
<kw name="Click Coverage Ui Setting" library="Coverage">
<arguments>
<arg>${page}</arg>
</arguments>
<status status="PASS" starttime="20220328 18:41:35.950" endtime="20220328 18:41:37.070"></status>
</kw>
<status status="PASS" starttime="20220328 18:41:15.309" endtime="20220328 18:41:37.070"></status>
</kw>
<kw name="Close Cloudwiz Application" library="CommonHelper" type="teardown">
<kw name="Logout Application" library="PlaywrightCore">
<status status="PASS" starttime="20220328 18:41:37.072" endtime="20220328 18:41:44.378"></status>
</kw>
<kw name="Close Application" library="PlaywrightCore">
<status status="PASS" starttime="20220328 18:41:44.379" endtime="20220328 18:41:44.573"></status>
</kw>
<status status="PASS" starttime="20220328 18:41:37.071" endtime="20220328 18:41:44.573"></status>
</kw>
<status status="PASS" starttime="20220328 18:40:24.936" endtime="20220328 18:41:44.575" critical="yes"></status>
</test>
<kw name="Quit Opened Browser" library="CommonHelper" type="teardown">
<kw name="Close Browser" library="PlaywrightCore">
<status status="PASS" starttime="20220328 18:41:44.581" endtime="20220328 18:41:49.925"></status>
</kw>
<status status="PASS" starttime="20220328 18:41:44.580" endtime="20220328 18:41:49.925"></status>
</kw>
<doc>This is a Coverage test file with Robot Framework</doc>
<status status="PASS" starttime="20220328 18:40:12.759" endtime="20220328 18:41:49.925"></status>
</suite>
<statistics>
<total>
<stat pass="1" fail="0">Critical Tests</stat>
<stat pass="1" fail="0">All Tests</stat>
</total>
<tag>
</tag>
<suite>
<stat pass="1" fail="0" id="s1" name="o CoverageTest">o CoverageTest</stat>
</suite>
</statistics>
<errors>
</errors>
</robot>
